<?xml version="1.0" encoding="UTF-8"?><testsuite errors="0" failures="1" name="registrarme en la pagina" skipped="0" tests="1" time="47.37" timestamp="2021-09-23 11:03:22"><testcase name="Registro de usuario nuevo con datos correctos"><failure message="Expected enabled element was not enabled" type="net.thucydides.core.webdriver.exceptions.ElementShouldBeEnabledException">Expected enabled element was not enabled</failure><system-err>Expected enabled element was not enabled&#13;
Task.RegistrarFormulario.performAs(RegistrarFormulario.java:40)&#13;
stepsdefinitions.RegistroStep.diligenciarLeidyHotmailComValidoParaElRegistro(RegistroStep.java:28)&#13;
cucumber.runner.Runner.runPickle(Runner.java:80)&#13;
</system-err></testcase></testsuite>